<?xml version="1.0" encoding="UTF-8"?>
<!-- Generated by org.testng.reporters.JUnitReportReporter -->
<testsuite hostname="localhost" name="com.crm.qa.testcases.loginPageTest" tests="3" failures="0" timestamp="7 Jun 2018 11:44:28 GMT" time="25.039" errors="0">
  <testcase name="crmLogoImageTest" time="5.398" classname="com.crm.qa.testcases.loginPageTest"/>
  <testcase name="loginTest" time="11.045" classname="com.crm.qa.testcases.loginPageTest"/>
  <testcase name="loginPageTitleTest" time="8.596" classname="com.crm.qa.testcases.loginPageTest"/>
</testsuite> <!-- com.crm.qa.testcases.loginPageTest -->
